<?xml version="1.0" encoding="UTF-8"?>
<testsuite xmlns:xsi="http://www.w3.org/2001/XMLSchema-instance" xsi:noNamespaceSchemaLocation="https://maven.apache.org/surefire/maven-surefire-plugin/xsd/surefire-test-report.xsd" name="TestSuite" time="436.017" tests="24" errors="0" skipped="0" failures="0">
  <properties>
[...]
</properties>
  <testcase name="register" classname="tests.RegistrationCase" time="9.939"/>
  <testcase name="register" classname="tests.RegistrationCase" time="4.241"/>
  <testcase name="register" classname="tests.RegistrationCase" time="2.684"/>
  <testcase name="register" classname="tests.RegistrationCase" time="3.435"/>
  <testcase name="register" classname="tests.RegistrationCase" time="3.297"/>
  <testcase name="register" classname="tests.RegistrationCase" time="3.613"/>
  <testcase name="login" classname="tests.RegistrationCase" time="4.899"/>
  <testcase name="login" classname="tests.RegistrationCase" time="3.696"/>
  <testcase name="login" classname="tests.RegistrationCase" time="2.854"/>
  <testcase name="login" classname="tests.RegistrationCase" time="3.678"/>
  <testcase name="login" classname="tests.RegistrationCase" time="3.206"/>
  <testcase name="login" classname="tests.RegistrationCase" time="2.919"/>
  <testcase name="register" classname="tests.ReviewCase" time="3.338"/>
  <testcase name="search" classname="tests.ReviewCase" time="13.255"/>
  <testcase name="hover" classname="tests.HoverCase" time="1.852"/>
  <testcase name="contact" classname="tests.ContactUsPage" time="14.703"/>
  <testcase name="searchformac" classname="tests.CompareCase" time="10.963"/>
  <testcase name="searchasus" classname="tests.CompareCase" time="17.499"/>
  <testcase name="currency" classname="tests.CurrencyCase" time="4.355"/>
  <testcase name="search" classname="tests.Search" time="3.01"/>
  <testcase name="register" classname="tests.SendEmailCase" time="3.042"/>
  <testcase name="search" classname="tests.SendEmailCase" time="4.62"/>
  <testcase name="enterinfo" classname="tests.SendEmailCase" time="0.819"/>
  <testcase name="wishlist" classname="tests.WishlistCase" time="6.376"/>
</testsuite>