<?xml version="1.0" encoding="UTF-8"?>
<!-- Generated by org.testng.reporters.JUnitXMLReporter -->
<testsuite ignored="0" hostname="DESKTOP-DIA066U" failures="0" tests="24" name="test" time="431.486" errors="0" timestamp="2022-04-15T23:07:45 EET">
  <testcase classname="tests.RegistrationCase" name="register" time="9.933"/>
  <testcase classname="tests.RegistrationCase" name="register" time="4.242"/>
  <testcase classname="tests.RegistrationCase" name="register" time="2.684"/>
  <testcase classname="tests.RegistrationCase" name="register" time="3.436"/>
  <testcase classname="tests.RegistrationCase" name="register" time="3.298"/>
  <testcase classname="tests.RegistrationCase" name="register" time="3.614"/>
  <testcase classname="tests.RegistrationCase" name="login" time="4.899"/>
  <testcase classname="tests.RegistrationCase" name="login" time="3.695"/>
  <testcase classname="tests.RegistrationCase" name="login" time="2.853"/>
  <testcase classname="tests.RegistrationCase" name="login" time="3.677"/>
  <testcase classname="tests.RegistrationCase" name="login" time="3.206"/>
  <testcase classname="tests.RegistrationCase" name="login" time="2.918"/>
  <testcase classname="tests.ReviewCase" name="register" time="3.337"/>
  <testcase classname="tests.ReviewCase" name="search" time="13.254"/>
  <testcase classname="tests.HoverCase" name="hover" time="1.852"/>
  <testcase classname="tests.ContactUsPage" name="contact" time="14.704"/>
  <testcase classname="tests.CompareCase" name="searchformac" time="10.964"/>
  <testcase classname="tests.CompareCase" name="searchasus" time="17.5"/>
  <testcase classname="tests.CurrencyCase" name="currency" time="4.354"/>
  <testcase classname="tests.Search" name="search" time="3.01"/>
  <testcase classname="tests.SendEmailCase" name="register" time="3.042"/>
  <testcase classname="tests.SendEmailCase" name="search" time="4.618"/>
  <testcase classname="tests.SendEmailCase" name="enterinfo" time="0.819"/>
  <testcase classname="tests.WishlistCase" name="wishlist" time="6.375"/>
</testsuite> <!-- test -->
